0 info it worked if it ends with ok
1 verbose cli [ '/usr/bin/node',
1 verbose cli   '/usr/bin/npm',
1 verbose cli   'install',
1 verbose cli   '-g',
1 verbose cli   'generator-steroids' ]
2 info using npm@1.4.28
3 info using node@v0.10.33
4 verbose node symlink /usr/bin/node
5 verbose cache add [ 'generator-steroids', null ]
6 verbose cache add name=undefined spec="generator-steroids" args=["generator-steroids",null]
7 verbose parsed url { protocol: null,
7 verbose parsed url   slashes: null,
7 verbose parsed url   auth: null,
7 verbose parsed url   host: null,
7 verbose parsed url   port: null,
7 verbose parsed url   hostname: null,
7 verbose parsed url   hash: null,
7 verbose parsed url   search: null,
7 verbose parsed url   query: null,
7 verbose parsed url   pathname: 'generator-steroids',
7 verbose parsed url   path: 'generator-steroids',
7 verbose parsed url   href: 'generator-steroids' }
8 silly lockFile c5e069c6-generator-steroids generator-steroids
9 verbose lock generator-steroids /home/panda/.npm/c5e069c6-generator-steroids.lock
10 silly lockFile c5e069c6-generator-steroids generator-steroids
11 silly lockFile c5e069c6-generator-steroids generator-steroids
12 verbose addNamed [ 'generator-steroids', '' ]
13 verbose addNamed [ null, '*' ]
14 silly lockFile a4c37a9e-generator-steroids generator-steroids@
15 verbose lock generator-steroids@ /home/panda/.npm/a4c37a9e-generator-steroids.lock
16 silly addNameRange { name: 'generator-steroids', range: '*', hasData: false }
17 verbose request where is /generator-steroids
18 verbose request registry https://registry.npmjs.org/
19 verbose request id 3c337776439dd11b
20 verbose url raw /generator-steroids
21 verbose url resolving [ 'https://registry.npmjs.org/', './generator-steroids' ]
22 verbose url resolved https://registry.npmjs.org/generator-steroids
23 verbose request where is https://registry.npmjs.org/generator-steroids
24 info trying registry request attempt 1 at 20:32:16
25 verbose etag "AB9AX1GQDJQWR1TX8GLS5MMMO"
26 http GET https://registry.npmjs.org/generator-steroids
27 http 304 https://registry.npmjs.org/generator-steroids
28 silly registry.get cb [ 304,
28 silly registry.get   { date: 'Fri, 23 Jan 2015 00:32:17 GMT',
28 silly registry.get     server: 'Apache',
28 silly registry.get     via: '1.1 varnish',
28 silly registry.get     'last-modified': 'Fri, 23 Jan 2015 00:32:17 GMT',
28 silly registry.get     'cache-control': 'max-age=60',
28 silly registry.get     etag: '"AB9AX1GQDJQWR1TX8GLS5MMMO"',
28 silly registry.get     age: '0',
28 silly registry.get     'x-served-by': 'cache-atl6225-ATL',
28 silly registry.get     'x-cache': 'MISS',
28 silly registry.get     'x-cache-hits': '0',
28 silly registry.get     'x-timer': 'S1421973137.160323,VS0,VE22',
28 silly registry.get     vary: 'Accept',
28 silly registry.get     'content-length': '0',
28 silly registry.get     'keep-alive': 'timeout=10, max=50',
28 silly registry.get     connection: 'Keep-Alive' } ]
29 verbose etag https://registry.npmjs.org/generator-steroids from cache
30 silly addNameRange number 2 { name: 'generator-steroids', range: '*', hasData: true }
31 silly addNameRange versions [ 'generator-steroids',
31 silly addNameRange   [ '0.1.0',
31 silly addNameRange     '0.1.1',
31 silly addNameRange     '0.2.0',
31 silly addNameRange     '0.2.1',
31 silly addNameRange     '0.2.2',
31 silly addNameRange     '0.2.3',
31 silly addNameRange     '0.2.4',
31 silly addNameRange     '0.2.5',
31 silly addNameRange     '0.2.6',
31 silly addNameRange     '0.2.7',
31 silly addNameRange     '0.2.8',
31 silly addNameRange     '0.2.9',
31 silly addNameRange     '0.2.10',
31 silly addNameRange     '0.2.11',
31 silly addNameRange     '0.2.12',
31 silly addNameRange     '0.2.13',
31 silly addNameRange     '0.2.14',
31 silly addNameRange     '0.2.15',
31 silly addNameRange     '0.2.16',
31 silly addNameRange     '0.2.17',
31 silly addNameRange     '0.2.18',
31 silly addNameRange     '0.2.20',
31 silly addNameRange     '0.3.0',
31 silly addNameRange     '0.3.1',
31 silly addNameRange     '0.3.2',
31 silly addNameRange     '0.3.3',
31 silly addNameRange     '0.3.7',
31 silly addNameRange     '0.3.8',
31 silly addNameRange     '0.3.9',
31 silly addNameRange     '0.3.10',
31 silly addNameRange     '0.4.0',
31 silly addNameRange     '0.4.1',
31 silly addNameRange     '0.4.2',
31 silly addNameRange     '0.4.3',
31 silly addNameRange     '0.4.4',
31 silly addNameRange     '0.4.5',
31 silly addNameRange     '1.0.3',
31 silly addNameRange     '1.0.4',
31 silly addNameRange     '1.0.16',
31 silly addNameRange     '1.0.17',
31 silly addNameRange     '1.0.18' ] ]
32 verbose addNamed [ 'generator-steroids', '1.0.18' ]
33 verbose addNamed [ '1.0.18', '1.0.18' ]
34 silly lockFile 2fcc324f-generator-steroids-1-0-18 generator-steroids@1.0.18
35 verbose lock generator-steroids@1.0.18 /home/panda/.npm/2fcc324f-generator-steroids-1-0-18.lock
36 silly lockFile 2fcc324f-generator-steroids-1-0-18 generator-steroids@1.0.18
37 silly lockFile 2fcc324f-generator-steroids-1-0-18 generator-steroids@1.0.18
38 silly lockFile a4c37a9e-generator-steroids generator-steroids@
39 silly lockFile a4c37a9e-generator-steroids generator-steroids@
40 silly resolved [ { name: 'generator-steroids',
40 silly resolved     version: '1.0.18',
40 silly resolved     description: 'Yeoman generator',
40 silly resolved     license: 'MIT',
40 silly resolved     main: 'index.js',
40 silly resolved     repository:
40 silly resolved      { type: 'git',
40 silly resolved        url: 'https://github.com/AppGyver/generator-steroids' },
40 silly resolved     contributors: [ [Object], [Object] ],
40 silly resolved     engines: { node: '>=0.10.0' },
40 silly resolved     scripts: { test: 'mocha' },
40 silly resolved     keywords: [ 'yeoman-generator', 'steroids', 'supersonic', 'appgyver' ],
40 silly resolved     dependencies:
40 silly resolved      { chalk: '0.5.1',
40 silly resolved        'coffee-script': '1.8.0',
40 silly resolved        'lodash-node': '2.4.1',
40 silly resolved        mustache: '0.8.2',
40 silly resolved        'underscore.string': '2.3.3',
40 silly resolved        'yeoman-generator': '0.17.7',
40 silly resolved        yosay: '0.3.0' },
40 silly resolved     devDependencies: { mocha: '*' },
40 silly resolved     peerDependencies: { yo: '>=1.0.0' },
40 silly resolved     gitHead: '1823f5acef9068544d3970a733794b8e4e8e47f0',
40 silly resolved     bugs: { url: 'https://github.com/AppGyver/generator-steroids/issues' },
40 silly resolved     homepage: 'https://github.com/AppGyver/generator-steroids',
40 silly resolved     _id: 'generator-steroids@1.0.18',
40 silly resolved     _shasum: 'd7e3d2e646b270966b9bc2c1a23bed51c17a82d2',
40 silly resolved     _from: 'generator-steroids@',
40 silly resolved     _npmVersion: '1.4.28',
40 silly resolved     _npmUser: { name: 'harsaharsa', email: 'harri.sarsa@appgyver.com' },
40 silly resolved     maintainers:
40 silly resolved      [ [Object],
40 silly resolved        [Object],
40 silly resolved        [Object],
40 silly resolved        [Object],
40 silly resolved        [Object],
40 silly resolved        [Object],
40 silly resolved        [Object],
40 silly resolved        [Object] ],
40 silly resolved     dist:
40 silly resolved      { shasum: 'd7e3d2e646b270966b9bc2c1a23bed51c17a82d2',
40 silly resolved        tarball: 'http://registry.npmjs.org/generator-steroids/-/generator-steroids-1.0.18.tgz' },
40 silly resolved     directories: {},
40 silly resolved     _resolved: 'https://registry.npmjs.org/generator-steroids/-/generator-steroids-1.0.18.tgz',
40 silly resolved     readme: 'ERROR: No README data found!' } ]
41 info install generator-steroids@1.0.18 into /usr/lib
42 info installOne generator-steroids@1.0.18
43 verbose lib/node_modules/generator-steroids unbuild
44 verbose tar unpack /home/panda/.npm/generator-steroids/1.0.18/package.tgz
45 silly lockFile ed86e8f9--node-modules-generator-steroids tar:///usr/lib/node_modules/generator-steroids
46 verbose lock tar:///usr/lib/node_modules/generator-steroids /home/panda/.npm/ed86e8f9--node-modules-generator-steroids.lock
47 silly lockFile 807a35fb-ator-steroids-1-0-18-package-tgz tar:///home/panda/.npm/generator-steroids/1.0.18/package.tgz
48 verbose lock tar:///home/panda/.npm/generator-steroids/1.0.18/package.tgz /home/panda/.npm/807a35fb-ator-steroids-1-0-18-package-tgz.lock
49 silly gunzTarPerm modes [ '775', '664' ]
50 error Error: EACCES, mkdir '/usr/lib/node_modules/generator-steroids'
50 error  { [Error: EACCES, mkdir '/usr/lib/node_modules/generator-steroids']
50 error   errno: 3,
50 error   code: 'EACCES',
50 error   path: '/usr/lib/node_modules/generator-steroids',
50 error   fstream_type: 'Directory',
50 error   fstream_path: '/usr/lib/node_modules/generator-steroids',
50 error   fstream_class: 'DirWriter',
50 error   fstream_stack:
50 error    [ '/usr/lib/node_modules/npm/node_modules/fstream/lib/dir-writer.js:36:23',
50 error      '/usr/lib/node_modules/npm/node_modules/mkdirp/index.js:46:53',
50 error      'Object.oncomplete (fs.js:107:15)' ] }
51 error Please try running this command again as root/Administrator.
52 error System Linux 3.13.0-44-generic
53 error command "/usr/bin/node" "/usr/bin/npm" "install" "-g" "generator-steroids"
54 error cwd /home/panda/Projects/BikeLifeApp
55 error node -v v0.10.33
56 error npm -v 1.4.28
57 error path /usr/lib/node_modules/generator-steroids
58 error fstream_path /usr/lib/node_modules/generator-steroids
59 error fstream_type Directory
60 error fstream_class DirWriter
61 error code EACCES
62 error errno 3
63 error stack Error: EACCES, mkdir '/usr/lib/node_modules/generator-steroids'
64 error fstream_stack /usr/lib/node_modules/npm/node_modules/fstream/lib/dir-writer.js:36:23
64 error fstream_stack /usr/lib/node_modules/npm/node_modules/mkdirp/index.js:46:53
64 error fstream_stack Object.oncomplete (fs.js:107:15)
65 verbose exit [ 3, true ]
